<?xml version="1.0" encoding="UTF-8"?>
<!--
 Copyright (c) 2020 SAP SE or an SAP affiliate company. All rights reserved.
-->
<beans xmlns="http://www.springframework.org/schema/beans" xmlns:xsi="http://www.w3.org/2001/XMLSchema-instance"
	xmlns:security="http://www.springframework.org/schema/security" xmlns:oauth="http://www.springframework.org/schema/security/oauth2"
	xsi:schemaLocation="http://www.springframework.org/schema/beans
		http://www.springframework.org/schema/beans/spring-beans.xsd
		http://www.springframework.org/schema/security 
		http://www.springframework.org/schema/security/spring-security.xsd
		http://www.springframework.org/schema/security/oauth2 
     	http://www.springframework.org/schema/security/spring-security-oauth2.xsd">

		<!-- Commons security imports -->
		<import resource="security-spring.xml"/>
		
		<!-- Bean used during HybrisPropertiesWebApplicationContextInitializerTest. 
			It serves no purpose besides the test. -->
		<bean id="testBean" class="uk.ptr.cloudinary.dto.SampleWsDTO">
			<property name="value" value="testText" />
		</bean>
	</beans>
